2022-11-25 20:48:37.837  INFO 19420 --- [restartedMain] com.secucom.secucom.SecucomApplication   : Starting SecucomApplication using Java 17.0.4 on DCIREODCPR40 with PID 19420 (C:\Users\dadiallo\IdeaProjects\secucom\target\classes started by dadiallo in C:\Users\dadiallo\IdeaProjects\secucom)
2022-11-25 20:48:37.838  INFO 19420 --- [restartedMain] com.secucom.secucom.SecucomApplication   : No active profile set, falling back to 1 default profile: "default"
2022-11-25 20:48:37.882  INFO 19420 --- [restartedMain] .e.DevToolsPropertyDefaultsPostProcessor : Devtools property defaults active! Set 'spring.devtools.add-properties' to 'false' to disable
2022-11-25 20:48:37.882  INFO 19420 --- [restartedMain] .e.DevToolsPropertyDefaultsPostProcessor : For additional web related logging consider setting the 'logging.level.web' property to 'DEBUG'
2022-11-25 20:48:38.490  INFO 19420 --- [restartedMain] .s.d.r.c.RepositoryConfigurationDelegate : Bootstrapping Spring Data JPA repositories in DEFAULT mode.
2022-11-25 20:48:38.550  INFO 19420 --- [restartedMain] .s.d.r.c.RepositoryConfigurationDelegate : Finished Spring Data repository scanning in 52 ms. Found 2 JPA repository interfaces.
2022-11-25 20:48:39.377  INFO 19420 --- [restartedMain] o.s.b.w.embedded.tomcat.TomcatWebServer  : Tomcat initialized with port(s): 8080 (http)
2022-11-25 20:48:39.397  INFO 19420 --- [restartedMain] o.apache.catalina.core.StandardService   : Starting service [Tomcat]
2022-11-25 20:48:39.398  INFO 19420 --- [restartedMain] org.apache.catalina.core.StandardEngine  : Starting Servlet engine: [Apache Tomcat/9.0.68]
2022-11-25 20:48:39.478  INFO 19420 --- [restartedMain] o.a.c.c.C.[Tomcat].[localhost].[/]       : Initializing Spring embedded WebApplicationContext
2022-11-25 20:48:39.478  INFO 19420 --- [restartedMain] w.s.c.ServletWebServerApplicationContext : Root WebApplicationContext: initialization completed in 1595 ms
2022-11-25 20:48:39.648  INFO 19420 --- [restartedMain] o.hibernate.jpa.internal.util.LogHelper  : HHH000204: Processing PersistenceUnitInfo [name: default]
2022-11-25 20:48:39.700  INFO 19420 --- [restartedMain] org.hibernate.Version                    : HHH000412: Hibernate ORM core version 5.6.12.Final
2022-11-25 20:48:39.848  INFO 19420 --- [restartedMain] o.hibernate.annotations.common.Version   : HCANN000001: Hibernate Commons Annotations {5.1.2.Final}
2022-11-25 20:48:39.947  INFO 19420 --- [restartedMain] com.zaxxer.hikari.HikariDataSource       : HikariPool-1 - Starting...
2022-11-25 20:48:40.133  INFO 19420 --- [restartedMain] com.zaxxer.hikari.HikariDataSource       : HikariPool-1 - Start completed.
2022-11-25 20:48:40.152  INFO 19420 --- [restartedMain] org.hibernate.dialect.Dialect            : HHH000400: Using dialect: org.hibernate.dialect.MySQL55Dialect
2022-11-25 20:48:41.003  INFO 19420 --- [restartedMain] o.h.e.t.j.p.i.JtaPlatformInitiator       : HHH000490: Using JtaPlatform implementation: [org.hibernate.engine.transaction.jta.platform.internal.NoJtaPlatform]
2022-11-25 20:48:41.015  INFO 19420 --- [restartedMain] j.LocalContainerEntityManagerFactoryBean : Initialized JPA EntityManagerFactory for persistence unit 'default'
2022-11-25 20:48:41.401  WARN 19420 --- [restartedMain] JpaBaseConfiguration$JpaWebConfiguration : spring.jpa.open-in-view is enabled by default. Therefore, database queries may be performed during view rendering. Explicitly configure spring.jpa.open-in-view to disable this warning
2022-11-25 20:48:41.589  INFO 19420 --- [restartedMain] o.s.b.a.w.s.WelcomePageHandlerMapping    : Adding welcome page: class path resource [static/index.html]
2022-11-25 20:48:42.057  INFO 19420 --- [restartedMain] o.s.s.web.DefaultSecurityFilterChain     : Will secure any request with [org.springframework.security.web.session.DisableEncodeUrlFilter@66e2bc30, org.springframework.security.web.context.request.async.WebAsyncManagerIntegrationFilter@8a06744, org.springframework.security.web.context.SecurityContextPersistenceFilter@7c79847e, org.springframework.security.web.header.HeaderWriterFilter@151872c6, org.springframework.web.filter.CorsFilter@151c3e1e, org.springframework.security.web.authentication.logout.LogoutFilter@bed316, org.springframework.security.oauth2.client.web.OAuth2AuthorizationRequestRedirectFilter@32f21943, org.springframework.security.oauth2.client.web.OAuth2LoginAuthenticationFilter@77fafd0a, com.secucom.secucom.filters.JwtAuthorizationFilter@3da5f481, com.secucom.secucom.filters.JwtAuthentication@4ed5dc39, org.springframework.security.web.authentication.UsernamePasswordAuthenticationFilter@4719c691, org.springframework.security.web.authentication.ui.DefaultLoginPageGeneratingFilter@1c64de43, org.springframework.security.web.authentication.ui.DefaultLogoutPageGeneratingFilter@454418e0, org.springframework.security.web.savedrequest.RequestCacheAwareFilter@3160659a, org.springframework.security.web.servletapi.SecurityContextHolderAwareRequestFilter@a630b17, org.springframework.security.web.authentication.AnonymousAuthenticationFilter@315c2298, org.springframework.security.web.session.SessionManagementFilter@ee2e34, org.springframework.security.web.access.ExceptionTranslationFilter@79992e56, org.springframework.security.web.access.intercept.AuthorizationFilter@14ee423a]
2022-11-25 20:48:42.427  INFO 19420 --- [restartedMain] o.s.b.d.a.OptionalLiveReloadServer       : LiveReload server is running on port 35729
2022-11-25 20:48:42.462  INFO 19420 --- [restartedMain] o.s.b.w.embedded.tomcat.TomcatWebServer  : Tomcat started on port(s): 8080 (http) with context path ''
2022-11-25 20:48:42.473  INFO 19420 --- [restartedMain] com.secucom.secucom.SecucomApplication   : Started SecucomApplication in 4.988 seconds (JVM running for 5.588)
2022-11-25 20:59:27.519  INFO 19420 --- [SpringApplicationShutdownHook] j.LocalContainerEntityManagerFactoryBean : Closing JPA EntityManagerFactory for persistence unit 'default'
2022-11-25 20:59:27.537  INFO 19420 --- [SpringApplicationShutdownHook] com.zaxxer.hikari.HikariDataSource       : HikariPool-1 - Shutdown initiated...
2022-11-25 20:59:27.561  INFO 19420 --- [SpringApplicationShutdownHook] com.zaxxer.hikari.HikariDataSource       : HikariPool-1 - Shutdown completed.
