2022-11-25 20:59:30.216  INFO 4156 --- [restartedMain] com.secucom.secucom.SecucomApplication   : Starting SecucomApplication using Java 17.0.4 on DCIREODCPR40 with PID 4156 (C:\Users\dadiallo\IdeaProjects\secucom\target\classes started by dadiallo in C:\Users\dadiallo\IdeaProjects\secucom)
2022-11-25 20:59:30.217  INFO 4156 --- [restartedMain] com.secucom.secucom.SecucomApplication   : No active profile set, falling back to 1 default profile: "default"
2022-11-25 20:59:30.270  INFO 4156 --- [restartedMain] .e.DevToolsPropertyDefaultsPostProcessor : Devtools property defaults active! Set 'spring.devtools.add-properties' to 'false' to disable
2022-11-25 20:59:30.271  INFO 4156 --- [restartedMain] .e.DevToolsPropertyDefaultsPostProcessor : For additional web related logging consider setting the 'logging.level.web' property to 'DEBUG'
2022-11-25 20:59:30.874  INFO 4156 --- [restartedMain] .s.d.r.c.RepositoryConfigurationDelegate : Bootstrapping Spring Data JPA repositories in DEFAULT mode.
2022-11-25 20:59:30.928  INFO 4156 --- [restartedMain] .s.d.r.c.RepositoryConfigurationDelegate : Finished Spring Data repository scanning in 48 ms. Found 2 JPA repository interfaces.
2022-11-25 20:59:31.543  INFO 4156 --- [restartedMain] o.s.b.w.embedded.tomcat.TomcatWebServer  : Tomcat initialized with port(s): 8080 (http)
2022-11-25 20:59:31.554  INFO 4156 --- [restartedMain] o.apache.catalina.core.StandardService   : Starting service [Tomcat]
2022-11-25 20:59:31.554  INFO 4156 --- [restartedMain] org.apache.catalina.core.StandardEngine  : Starting Servlet engine: [Apache Tomcat/9.0.68]
2022-11-25 20:59:31.631  INFO 4156 --- [restartedMain] o.a.c.c.C.[Tomcat].[localhost].[/]       : Initializing Spring embedded WebApplicationContext
2022-11-25 20:59:31.632  INFO 4156 --- [restartedMain] w.s.c.ServletWebServerApplicationContext : Root WebApplicationContext: initialization completed in 1361 ms
2022-11-25 20:59:31.823  INFO 4156 --- [restartedMain] o.hibernate.jpa.internal.util.LogHelper  : HHH000204: Processing PersistenceUnitInfo [name: default]
2022-11-25 20:59:31.870  INFO 4156 --- [restartedMain] org.hibernate.Version                    : HHH000412: Hibernate ORM core version 5.6.12.Final
2022-11-25 20:59:32.007  INFO 4156 --- [restartedMain] o.hibernate.annotations.common.Version   : HCANN000001: Hibernate Commons Annotations {5.1.2.Final}
2022-11-25 20:59:32.102  INFO 4156 --- [restartedMain] com.zaxxer.hikari.HikariDataSource       : HikariPool-1 - Starting...
2022-11-25 20:59:32.240  INFO 4156 --- [restartedMain] com.zaxxer.hikari.HikariDataSource       : HikariPool-1 - Start completed.
2022-11-25 20:59:32.263  INFO 4156 --- [restartedMain] org.hibernate.dialect.Dialect            : HHH000400: Using dialect: org.hibernate.dialect.MySQL55Dialect
2022-11-25 20:59:33.048  INFO 4156 --- [restartedMain] o.h.e.t.j.p.i.JtaPlatformInitiator       : HHH000490: Using JtaPlatform implementation: [org.hibernate.engine.transaction.jta.platform.internal.NoJtaPlatform]
2022-11-25 20:59:33.054  INFO 4156 --- [restartedMain] j.LocalContainerEntityManagerFactoryBean : Initialized JPA EntityManagerFactory for persistence unit 'default'
2022-11-25 20:59:33.459  WARN 4156 --- [restartedMain] JpaBaseConfiguration$JpaWebConfiguration : spring.jpa.open-in-view is enabled by default. Therefore, database queries may be performed during view rendering. Explicitly configure spring.jpa.open-in-view to disable this warning
2022-11-25 20:59:33.592  INFO 4156 --- [restartedMain] o.s.b.a.w.s.WelcomePageHandlerMapping    : Adding welcome page: class path resource [static/index.html]
2022-11-25 20:59:34.029  INFO 4156 --- [restartedMain] o.s.s.web.DefaultSecurityFilterChain     : Will secure any request with [org.springframework.security.web.session.DisableEncodeUrlFilter@4da45870, org.springframework.security.web.context.request.async.WebAsyncManagerIntegrationFilter@243d41ca, org.springframework.security.web.context.SecurityContextPersistenceFilter@69875d9d, org.springframework.security.web.header.HeaderWriterFilter@772738da, org.springframework.web.filter.CorsFilter@62b4ef38, org.springframework.security.web.authentication.logout.LogoutFilter@2f37090e, org.springframework.security.oauth2.client.web.OAuth2AuthorizationRequestRedirectFilter@ae44b83, org.springframework.security.oauth2.client.web.OAuth2LoginAuthenticationFilter@2986a7ec, com.secucom.secucom.filters.JwtAuthorizationFilter@138789d1, com.secucom.secucom.filters.JwtAuthentication@7c8f3409, org.springframework.security.web.authentication.UsernamePasswordAuthenticationFilter@5a5e25aa, org.springframework.security.web.authentication.ui.DefaultLoginPageGeneratingFilter@7c79847e, org.springframework.security.web.authentication.ui.DefaultLogoutPageGeneratingFilter@32f21943, org.springframework.security.web.savedrequest.RequestCacheAwareFilter@2a7dafd1, org.springframework.security.web.servletapi.SecurityContextHolderAwareRequestFilter@66394fde, org.springframework.security.web.authentication.AnonymousAuthenticationFilter@77fafd0a, org.springframework.security.web.session.SessionManagementFilter@217a97df, org.springframework.security.web.access.ExceptionTranslationFilter@651a4f2e, org.springframework.security.web.access.intercept.AuthorizationFilter@6418e76e]
2022-11-25 20:59:34.218  INFO 4156 --- [restartedMain] o.s.b.d.a.OptionalLiveReloadServer       : LiveReload server is running on port 35729
2022-11-25 20:59:34.256  INFO 4156 --- [restartedMain] o.s.b.w.embedded.tomcat.TomcatWebServer  : Tomcat started on port(s): 8080 (http) with context path ''
2022-11-25 20:59:34.266  INFO 4156 --- [restartedMain] com.secucom.secucom.SecucomApplication   : Started SecucomApplication in 4.403 seconds (JVM running for 4.965)
2022-11-25 21:00:56.985  INFO 4156 --- [http-nio-8080-exec-1] o.a.c.c.C.[Tomcat].[localhost].[/]       : Initializing Spring DispatcherServlet 'dispatcherServlet'
2022-11-25 21:00:56.988  INFO 4156 --- [http-nio-8080-exec-1] o.s.web.servlet.DispatcherServlet        : Initializing Servlet 'dispatcherServlet'
2022-11-25 21:00:56.988  INFO 4156 --- [http-nio-8080-exec-1] o.s.web.servlet.DispatcherServlet        : Completed initialization in 0 ms
2022-11-25 21:01:40.270  INFO 4156 --- [http-nio-8080-exec-3] c.s.s.C.CollaborateurController          : Afficher tous les Collaborateur trouvé
2022-11-25 21:02:01.636  INFO 4156 --- [http-nio-8080-exec-6] c.s.s.C.CollaborateurController          : ajoute Collaborateur trouvé
2022-11-25 21:02:29.282  INFO 4156 --- [http-nio-8080-exec-5] c.s.s.C.CollaborateurController          : ajoute un rôle
